<?xml version="1.0" encoding="UTF-8"?>
<!-- Generated by org.testng.reporters.JUnitXMLReporter -->
<testsuite hostname="DESKTOP-IREDREU" ignored="0" name="Test" tests="3" failures="0" timestamp="2020-04-21T14:37:18 BST" time="99.701" errors="0">
  <testcase name="runCukes" time="50.355" classname="cukes.grid.parallel.runners.SearchRunnerTest"/>
  <testcase name="runCukes" time="50.579" classname="cukes.grid.parallel.runners.ProductSearchRunnerTest"/>
  <testcase name="runCukes" time="49.296" classname="cukes.grid.parallel.runners.SearchOnChromeRunner"/>
</testsuite> <!-- Test -->
